1703040437: mosquitto version 2.0.18 starting
1703040437: Config loaded from /mosquitto/config/mosquitto.conf.
1703040437: Opening ipv4 listen socket on port 1883.
1703040437: Opening ipv6 listen socket on port 1883.
1703040437: Opening websockets listen socket on port 9001.
1703040437: mosquitto version 2.0.18 running
1703040438: New client connected from ::ffff:192.168.48.1:35614 as mqttjs_ca51a36f (p2, c1, k60).
1703040438: No will message specified.
1703040438: Sending CONNACK to mqttjs_ca51a36f (0, 0)
1703040438: Received SUBSCRIBE from mqttjs_ca51a36f
1703040438: 	proyectores (QoS 0)
1703040438: mqttjs_ca51a36f 0 proyectores
1703040438: Sending SUBACK to mqttjs_ca51a36f
1703040438: New client connected from ::ffff:192.168.48.1:35618 as mqttjs_4620a7e8 (p2, c1, k60).
1703040438: No will message specified.
1703040438: Sending CONNACK to mqttjs_4620a7e8 (0, 0)
1703040438: Received SUBSCRIBE from mqttjs_4620a7e8
1703040438: 	proyectores (QoS 0)
1703040438: mqttjs_4620a7e8 0 proyectores
1703040438: Sending SUBACK to mqttjs_4620a7e8
1703040498: Received PINGREQ from mqttjs_ca51a36f
1703040498: Sending PINGRESP to mqttjs_ca51a36f
1703040498: Received PINGREQ from mqttjs_4620a7e8
1703040498: Sending PINGRESP to mqttjs_4620a7e8
1703040510: New connection from 192.168.48.3:57641 on port 1883.
1703040510: New client connected from 192.168.48.3:57641 as auto-1BE9BFC5-AB49-874F-03E1-11DA8626F4CE (p2, c1, k60).
1703040510: No will message specified.
1703040510: Sending CONNACK to auto-1BE9BFC5-AB49-874F-03E1-11DA8626F4CE (0, 0)
1703040510: Received PUBLISH from auto-1BE9BFC5-AB49-874F-03E1-11DA8626F4CE (d0, q0, r0, m0, 'proyectores', ... (65 bytes))
1703040510: Sending PUBLISH to mqttjs_ca51a36f (d0, q0, r0, m0, 'proyectores', ... (65 bytes))
1703040510: Sending PUBLISH to mqttjs_4620a7e8 (d0, q0, r0, m0, 'proyectores', ... (65 bytes))
1703040510: Received DISCONNECT from auto-1BE9BFC5-AB49-874F-03E1-11DA8626F4CE
1703040510: Client auto-1BE9BFC5-AB49-874F-03E1-11DA8626F4CE disconnected.
1703040558: Received PINGREQ from mqttjs_ca51a36f
1703040558: Sending PINGRESP to mqttjs_ca51a36f
1703040558: Received PINGREQ from mqttjs_4620a7e8
1703040558: Sending PINGRESP to mqttjs_4620a7e8
1703040618: Received PINGREQ from mqttjs_ca51a36f
1703040618: Sending PINGRESP to mqttjs_ca51a36f
1703040618: Received PINGREQ from mqttjs_4620a7e8
1703040618: Sending PINGRESP to mqttjs_4620a7e8
1703040678: Received PINGREQ from mqttjs_ca51a36f
1703040678: Sending PINGRESP to mqttjs_ca51a36f
1703040678: Received PINGREQ from mqttjs_4620a7e8
1703040678: Sending PINGRESP to mqttjs_4620a7e8
1703040708: New connection from 192.168.48.3:35473 on port 1883.
1703040708: New client connected from 192.168.48.3:35473 as auto-BDE8E63C-E4C7-9175-89E7-53B2E3B4A00E (p2, c1, k60).
1703040708: No will message specified.
1703040708: Sending CONNACK to auto-BDE8E63C-E4C7-9175-89E7-53B2E3B4A00E (0, 0)
1703040708: Received PUBLISH from auto-BDE8E63C-E4C7-9175-89E7-53B2E3B4A00E (d0, q0, r0, m0, 'proyectores', ... (100 bytes))
1703040708: Sending PUBLISH to mqttjs_ca51a36f (d0, q0, r0, m0, 'proyectores', ... (100 bytes))
1703040708: Sending PUBLISH to mqttjs_4620a7e8 (d0, q0, r0, m0, 'proyectores', ... (100 bytes))
1703040708: Received DISCONNECT from auto-BDE8E63C-E4C7-9175-89E7-53B2E3B4A00E
1703040708: Client auto-BDE8E63C-E4C7-9175-89E7-53B2E3B4A00E disconnected.
1703040725: Client mqttjs_ca51a36f closed its connection.
1703040738: Received PINGREQ from mqttjs_4620a7e8
1703040738: Sending PINGRESP to mqttjs_4620a7e8
1703040798: Received PINGREQ from mqttjs_4620a7e8
1703040798: Sending PINGRESP to mqttjs_4620a7e8
1703040859: Received PINGREQ from mqttjs_4620a7e8
1703040859: Sending PINGRESP to mqttjs_4620a7e8
1703040919: Received PINGREQ from mqttjs_4620a7e8
1703040919: Sending PINGRESP to mqttjs_4620a7e8
1703040924: mosquitto version 2.0.18 terminating
1703040924: Client mqttjs_4620a7e8 closed its connection.
1703097365: mosquitto version 2.0.18 starting
1703097365: Config loaded from /mosquitto/config/mosquitto.conf.
1703097365: Opening ipv4 listen socket on port 1883.
1703097365: Opening ipv6 listen socket on port 1883.
1703097365: Opening websockets listen socket on port 9001.
1703097365: mosquitto version 2.0.18 running
1703097398: New client connected from ::ffff:172.19.0.1:45454 as mqttjs_d013fea7 (p2, c1, k60).
1703097398: No will message specified.
1703097398: Sending CONNACK to mqttjs_d013fea7 (0, 0)
1703097398: Received SUBSCRIBE from mqttjs_d013fea7
1703097398: 	proyectores (QoS 0)
1703097398: mqttjs_d013fea7 0 proyectores
1703097398: Sending SUBACK to mqttjs_d013fea7
1703097458: Received PINGREQ from mqttjs_d013fea7
1703097458: Sending PINGRESP to mqttjs_d013fea7
1703097518: Received PINGREQ from mqttjs_d013fea7
1703097518: Sending PINGRESP to mqttjs_d013fea7
1703097578: Received PINGREQ from mqttjs_d013fea7
1703097578: Sending PINGRESP to mqttjs_d013fea7
1703097638: Received PINGREQ from mqttjs_d013fea7
1703097638: Sending PINGRESP to mqttjs_d013fea7
1703097698: Received PINGREQ from mqttjs_d013fea7
1703097698: Sending PINGRESP to mqttjs_d013fea7
1703097758: Received PINGREQ from mqttjs_d013fea7
1703097758: Sending PINGRESP to mqttjs_d013fea7
1703097818: Received PINGREQ from mqttjs_d013fea7
1703097818: Sending PINGRESP to mqttjs_d013fea7
1703097823: New client connected from ::ffff:172.19.0.1:38330 as mqttjs_59407c6c (p2, c1, k60).
1703097823: No will message specified.
1703097823: Sending CONNACK to mqttjs_59407c6c (0, 0)
1703097823: Received SUBSCRIBE from mqttjs_59407c6c
1703097823: 	proyectores (QoS 0)
1703097823: mqttjs_59407c6c 0 proyectores
1703097823: Sending SUBACK to mqttjs_59407c6c
1703097829: New client connected from ::ffff:172.19.0.1:38376 as mqttjs_fb79b61e (p2, c1, k60).
1703097829: No will message specified.
1703097829: Sending CONNACK to mqttjs_fb79b61e (0, 0)
1703097829: Received SUBSCRIBE from mqttjs_fb79b61e
1703097829: 	proyectores (QoS 0)
1703097829: mqttjs_fb79b61e 0 proyectores
1703097829: Sending SUBACK to mqttjs_fb79b61e
1703097834: Client mqttjs_d013fea7 closed its connection.
1703097835: New client connected from ::ffff:172.19.0.1:41816 as mqttjs_5901f6a4 (p2, c1, k60).
1703097835: No will message specified.
1703097835: Sending CONNACK to mqttjs_5901f6a4 (0, 0)
1703097835: Received SUBSCRIBE from mqttjs_5901f6a4
1703097835: 	proyectores (QoS 0)
1703097835: mqttjs_5901f6a4 0 proyectores
1703097835: Sending SUBACK to mqttjs_5901f6a4
1703097882: New connection from 172.19.0.3:42533 on port 1883.
1703097882: New client connected from 172.19.0.3:42533 as auto-79E475AE-D393-9594-E55A-1C6B25EE034D (p2, c1, k60).
1703097882: No will message specified.
1703097882: Sending CONNACK to auto-79E475AE-D393-9594-E55A-1C6B25EE034D (0, 0)
1703097882: Received PUBLISH from auto-79E475AE-D393-9594-E55A-1C6B25EE034D (d0, q0, r0, m0, 'proyectores', ... (287 bytes))
1703097882: Sending PUBLISH to mqttjs_59407c6c (d0, q0, r0, m0, 'proyectores', ... (287 bytes))
1703097882: Sending PUBLISH to mqttjs_fb79b61e (d0, q0, r0, m0, 'proyectores', ... (287 bytes))
1703097882: Sending PUBLISH to mqttjs_5901f6a4 (d0, q0, r0, m0, 'proyectores', ... (287 bytes))
1703097882: Received DISCONNECT from auto-79E475AE-D393-9594-E55A-1C6B25EE034D
1703097882: Client auto-79E475AE-D393-9594-E55A-1C6B25EE034D disconnected.
1703097883: Received PINGREQ from mqttjs_59407c6c
1703097883: Sending PINGRESP to mqttjs_59407c6c
1703097889: Received PINGREQ from mqttjs_fb79b61e
1703097889: Sending PINGRESP to mqttjs_fb79b61e
1703097895: Received PINGREQ from mqttjs_5901f6a4
1703097895: Sending PINGRESP to mqttjs_5901f6a4
1703097943: Received PINGREQ from mqttjs_59407c6c
1703097943: Sending PINGRESP to mqttjs_59407c6c
1703097949: Received PINGREQ from mqttjs_fb79b61e
1703097949: Sending PINGRESP to mqttjs_fb79b61e
1703097955: Received PINGREQ from mqttjs_5901f6a4
1703097955: Sending PINGRESP to mqttjs_5901f6a4
1703098003: Received PINGREQ from mqttjs_59407c6c
1703098003: Sending PINGRESP to mqttjs_59407c6c
1703098009: Received PINGREQ from mqttjs_fb79b61e
1703098009: Sending PINGRESP to mqttjs_fb79b61e
1703098015: Received PINGREQ from mqttjs_5901f6a4
1703098015: Sending PINGRESP to mqttjs_5901f6a4
1703098063: Received PINGREQ from mqttjs_59407c6c
1703098063: Sending PINGRESP to mqttjs_59407c6c
1703098069: Received PINGREQ from mqttjs_fb79b61e
1703098069: Sending PINGRESP to mqttjs_fb79b61e
1703098075: Received PINGREQ from mqttjs_5901f6a4
1703098075: Sending PINGRESP to mqttjs_5901f6a4
1703098123: Received PINGREQ from mqttjs_59407c6c
1703098123: Sending PINGRESP to mqttjs_59407c6c
1703098129: Received PINGREQ from mqttjs_fb79b61e
1703098129: Sending PINGRESP to mqttjs_fb79b61e
1703098135: Received PINGREQ from mqttjs_5901f6a4
1703098135: Sending PINGRESP to mqttjs_5901f6a4
1703098183: Received PINGREQ from mqttjs_59407c6c
1703098183: Sending PINGRESP to mqttjs_59407c6c
1703098189: Received PINGREQ from mqttjs_fb79b61e
1703098189: Sending PINGRESP to mqttjs_fb79b61e
1703098195: Received PINGREQ from mqttjs_5901f6a4
1703098195: Sending PINGRESP to mqttjs_5901f6a4
1703098244: Received PINGREQ from mqttjs_59407c6c
1703098244: Sending PINGRESP to mqttjs_59407c6c
1703098249: Received PINGREQ from mqttjs_fb79b61e
1703098249: Sending PINGRESP to mqttjs_fb79b61e
1703098255: Received PINGREQ from mqttjs_5901f6a4
1703098255: Sending PINGRESP to mqttjs_5901f6a4
1703098304: Received PINGREQ from mqttjs_59407c6c
1703098304: Sending PINGRESP to mqttjs_59407c6c
1703098309: Received PINGREQ from mqttjs_fb79b61e
1703098309: Sending PINGRESP to mqttjs_fb79b61e
1703098315: Received PINGREQ from mqttjs_5901f6a4
1703098315: Sending PINGRESP to mqttjs_5901f6a4
1703098364: Received PINGREQ from mqttjs_59407c6c
1703098364: Sending PINGRESP to mqttjs_59407c6c
1703098369: Received PINGREQ from mqttjs_fb79b61e
1703098369: Sending PINGRESP to mqttjs_fb79b61e
1703098375: Received PINGREQ from mqttjs_5901f6a4
1703098375: Sending PINGRESP to mqttjs_5901f6a4
1703098424: Received PINGREQ from mqttjs_59407c6c
1703098424: Sending PINGRESP to mqttjs_59407c6c
1703098429: Received PINGREQ from mqttjs_fb79b61e
1703098429: Sending PINGRESP to mqttjs_fb79b61e
1703098435: Received PINGREQ from mqttjs_5901f6a4
1703098435: Sending PINGRESP to mqttjs_5901f6a4
1703098484: Received PINGREQ from mqttjs_59407c6c
1703098484: Sending PINGRESP to mqttjs_59407c6c
1703098489: Received PINGREQ from mqttjs_fb79b61e
1703098489: Sending PINGRESP to mqttjs_fb79b61e
1703098495: Received PINGREQ from mqttjs_5901f6a4
1703098495: Sending PINGRESP to mqttjs_5901f6a4
1703098544: Received PINGREQ from mqttjs_59407c6c
1703098544: Sending PINGRESP to mqttjs_59407c6c
1703098549: Received PINGREQ from mqttjs_fb79b61e
1703098549: Sending PINGRESP to mqttjs_fb79b61e
1703098555: Received PINGREQ from mqttjs_5901f6a4
1703098555: Sending PINGRESP to mqttjs_5901f6a4
1703098604: Received PINGREQ from mqttjs_59407c6c
1703098604: Sending PINGRESP to mqttjs_59407c6c
1703098609: Received PINGREQ from mqttjs_fb79b61e
1703098609: Sending PINGRESP to mqttjs_fb79b61e
1703098615: Received PINGREQ from mqttjs_5901f6a4
1703098615: Sending PINGRESP to mqttjs_5901f6a4
1703098664: Received PINGREQ from mqttjs_59407c6c
1703098664: Sending PINGRESP to mqttjs_59407c6c
1703098669: Received PINGREQ from mqttjs_fb79b61e
1703098669: Sending PINGRESP to mqttjs_fb79b61e
1703098675: Received PINGREQ from mqttjs_5901f6a4
1703098675: Sending PINGRESP to mqttjs_5901f6a4
1703098724: Received PINGREQ from mqttjs_59407c6c
1703098724: Sending PINGRESP to mqttjs_59407c6c
1703098729: Received PINGREQ from mqttjs_fb79b61e
1703098729: Sending PINGRESP to mqttjs_fb79b61e
1703098735: Received PINGREQ from mqttjs_5901f6a4
1703098735: Sending PINGRESP to mqttjs_5901f6a4
1703098784: Received PINGREQ from mqttjs_59407c6c
1703098784: Sending PINGRESP to mqttjs_59407c6c
1703098786: Client mqttjs_fb79b61e closed its connection.
1703098786: Client mqttjs_59407c6c closed its connection.
1703098786: Client mqttjs_5901f6a4 closed its connection.
1703098788: New client connected from ::ffff:172.19.0.1:55566 as mqttjs_5901f6a4 (p2, c1, k60).
1703098788: No will message specified.
1703098788: Sending CONNACK to mqttjs_5901f6a4 (0, 0)
1703098788: Received SUBSCRIBE from mqttjs_5901f6a4
1703098788: 	proyectores (QoS 0)
1703098788: mqttjs_5901f6a4 0 proyectores
1703098788: Sending SUBACK to mqttjs_5901f6a4
1703098788: New client connected from ::ffff:172.19.0.1:55582 as mqttjs_fb79b61e (p2, c1, k60).
1703098788: No will message specified.
1703098788: Sending CONNACK to mqttjs_fb79b61e (0, 0)
1703098788: Received SUBSCRIBE from mqttjs_fb79b61e
1703098788: 	proyectores (QoS 0)
1703098788: mqttjs_fb79b61e 0 proyectores
1703098788: Sending SUBACK to mqttjs_fb79b61e
1703098788: New client connected from ::ffff:172.19.0.1:55606 as mqttjs_59407c6c (p2, c1, k60).
1703098788: No will message specified.
1703098788: Sending CONNACK to mqttjs_59407c6c (0, 0)
1703098788: Received SUBSCRIBE from mqttjs_59407c6c
1703098788: 	proyectores (QoS 0)
1703098788: mqttjs_59407c6c 0 proyectores
1703098788: Sending SUBACK to mqttjs_59407c6c
1703098797: Client mqttjs_fb79b61e closed its connection.
1703098797: Client mqttjs_5901f6a4 closed its connection.
1703098797: Client mqttjs_59407c6c closed its connection.
1703110225: New client connected from ::ffff:172.19.0.1:43498 as mqttjs_5901f6a4 (p2, c1, k60).
1703110225: No will message specified.
1703110225: Sending CONNACK to mqttjs_5901f6a4 (0, 0)
1703110225: New client connected from ::ffff:172.19.0.1:43536 as mqttjs_59407c6c (p2, c1, k60).
1703110225: No will message specified.
1703110225: Sending CONNACK to mqttjs_59407c6c (0, 0)
1703110225: Received SUBSCRIBE from mqttjs_5901f6a4
1703110225: 	proyectores (QoS 0)
1703110225: mqttjs_5901f6a4 0 proyectores
1703110225: Sending SUBACK to mqttjs_5901f6a4
1703110225: Received SUBSCRIBE from mqttjs_59407c6c
1703110225: 	proyectores (QoS 0)
1703110225: mqttjs_59407c6c 0 proyectores
1703110225: Sending SUBACK to mqttjs_59407c6c
1703110225: New client connected from ::ffff:172.19.0.1:43552 as mqttjs_fb79b61e (p2, c1, k60).
1703110225: No will message specified.
1703110225: Sending CONNACK to mqttjs_fb79b61e (0, 0)
1703110225: Received SUBSCRIBE from mqttjs_fb79b61e
1703110225: 	proyectores (QoS 0)
1703110225: mqttjs_fb79b61e 0 proyectores
1703110225: Sending SUBACK to mqttjs_fb79b61e
1703110285: Received PINGREQ from mqttjs_59407c6c
1703110285: Sending PINGRESP to mqttjs_59407c6c
1703110285: Received PINGREQ from mqttjs_5901f6a4
1703110285: Sending PINGRESP to mqttjs_5901f6a4
1703110286: Received PINGREQ from mqttjs_fb79b61e
1703110286: Sending PINGRESP to mqttjs_fb79b61e
1703110329: Client mqttjs_fb79b61e closed its connection.
1703110329: Client mqttjs_59407c6c closed its connection.
1703110329: Client mqttjs_5901f6a4 closed its connection.
1703110345: mosquitto version 2.0.18 terminating
1704204269: mosquitto version 2.0.18 starting
1704204269: Config loaded from /mosquitto/config/mosquitto.conf.
1704204269: Opening ipv4 listen socket on port 1883.
1704204269: Opening ipv6 listen socket on port 1883.
1704204269: Opening websockets listen socket on port 9001.
1704204269: mosquitto version 2.0.18 running
1704204312: New connection from 172.19.0.3:43055 on port 1883.
1704204312: New client connected from 172.19.0.3:43055 as auto-B5285B35-5FDA-6633-CEF5-B45170202EBF (p2, c1, k60).
1704204312: No will message specified.
1704204312: Sending CONNACK to auto-B5285B35-5FDA-6633-CEF5-B45170202EBF (0, 0)
1704204312: Received PUBLISH from auto-B5285B35-5FDA-6633-CEF5-B45170202EBF (d0, q0, r0, m0, 'proyectores', ... (287 bytes))
1704204312: Received DISCONNECT from auto-B5285B35-5FDA-6633-CEF5-B45170202EBF
1704204312: Client auto-B5285B35-5FDA-6633-CEF5-B45170202EBF disconnected.
1704204704: New connection from 172.19.0.3:40823 on port 1883.
1704204704: New client connected from 172.19.0.3:40823 as auto-54BA6780-CD6B-03E1-247F-B384E2F47128 (p2, c1, k60).
1704204704: No will message specified.
1704204704: Sending CONNACK to auto-54BA6780-CD6B-03E1-247F-B384E2F47128 (0, 0)
1704204704: Received PUBLISH from auto-54BA6780-CD6B-03E1-247F-B384E2F47128 (d0, q0, r0, m0, 'proyectores', ... (287 bytes))
1704204704: Received DISCONNECT from auto-54BA6780-CD6B-03E1-247F-B384E2F47128
1704204704: Client auto-54BA6780-CD6B-03E1-247F-B384E2F47128 disconnected.
1704204957: New connection from 172.19.0.3:53881 on port 1883.
1704204957: New client connected from 172.19.0.3:53881 as auto-DAD5D7B9-056F-8B1D-55D9-285756DF7800 (p2, c1, k60).
1704204957: No will message specified.
1704204957: Sending CONNACK to auto-DAD5D7B9-056F-8B1D-55D9-285756DF7800 (0, 0)
1704204957: Received PUBLISH from auto-DAD5D7B9-056F-8B1D-55D9-285756DF7800 (d0, q0, r0, m0, 'proyectores', ... (115 bytes))
1704204957: Received DISCONNECT from auto-DAD5D7B9-056F-8B1D-55D9-285756DF7800
1704204957: Client auto-DAD5D7B9-056F-8B1D-55D9-285756DF7800 disconnected.
1704204993: New connection from 172.19.0.3:43989 on port 1883.
1704204993: New client connected from 172.19.0.3:43989 as auto-CC202675-777F-A512-9CDC-F6FAD8FC64A5 (p2, c1, k60).
1704204993: No will message specified.
1704204993: Sending CONNACK to auto-CC202675-777F-A512-9CDC-F6FAD8FC64A5 (0, 0)
1704204993: Received PUBLISH from auto-CC202675-777F-A512-9CDC-F6FAD8FC64A5 (d0, q0, r0, m0, 'proyectores', ... (287 bytes))
1704204993: Received DISCONNECT from auto-CC202675-777F-A512-9CDC-F6FAD8FC64A5
1704204993: Client auto-CC202675-777F-A512-9CDC-F6FAD8FC64A5 disconnected.
1704205174: New connection from 172.19.0.3:55595 on port 1883.
1704205174: New client connected from 172.19.0.3:55595 as auto-CA8BD571-2698-D76A-35F9-7D68C7082FF5 (p2, c1, k60).
1704205174: No will message specified.
1704205174: Sending CONNACK to auto-CA8BD571-2698-D76A-35F9-7D68C7082FF5 (0, 0)
1704205174: Received PUBLISH from auto-CA8BD571-2698-D76A-35F9-7D68C7082FF5 (d0, q0, r0, m0, 'proyectores', ... (287 bytes))
1704205174: Received DISCONNECT from auto-CA8BD571-2698-D76A-35F9-7D68C7082FF5
1704205174: Client auto-CA8BD571-2698-D76A-35F9-7D68C7082FF5 disconnected.
1704205210: New connection from 172.19.0.3:33329 on port 1883.
1704205210: New client connected from 172.19.0.3:33329 as auto-80A7D60C-0D75-3D74-17DC-BFC4F1CF2027 (p2, c1, k60).
1704205210: No will message specified.
1704205210: Sending CONNACK to auto-80A7D60C-0D75-3D74-17DC-BFC4F1CF2027 (0, 0)
1704205210: Received PUBLISH from auto-80A7D60C-0D75-3D74-17DC-BFC4F1CF2027 (d0, q0, r0, m0, 'proyectores', ... (115 bytes))
1704205210: Received DISCONNECT from auto-80A7D60C-0D75-3D74-17DC-BFC4F1CF2027
1704205210: Client auto-80A7D60C-0D75-3D74-17DC-BFC4F1CF2027 disconnected.
1704205212: New connection from 172.19.0.3:54745 on port 1883.
1704205212: New client connected from 172.19.0.3:54745 as auto-91C5499A-19C2-F647-C835-AD93136E676D (p2, c1, k60).
1704205212: No will message specified.
1704205212: Sending CONNACK to auto-91C5499A-19C2-F647-C835-AD93136E676D (0, 0)
1704205212: Received PUBLISH from auto-91C5499A-19C2-F647-C835-AD93136E676D (d0, q0, r0, m0, 'proyectores', ... (115 bytes))
1704205212: Received DISCONNECT from auto-91C5499A-19C2-F647-C835-AD93136E676D
1704205212: Client auto-91C5499A-19C2-F647-C835-AD93136E676D disconnected.
1704205529: New connection from 172.19.0.3:40139 on port 1883.
1704205529: New client connected from 172.19.0.3:40139 as auto-37D99859-5712-8D17-6B90-B5FC9864C376 (p2, c1, k60).
1704205529: No will message specified.
1704205529: Sending CONNACK to auto-37D99859-5712-8D17-6B90-B5FC9864C376 (0, 0)
1704205529: Received PUBLISH from auto-37D99859-5712-8D17-6B90-B5FC9864C376 (d0, q0, r0, m0, 'proyectores', ... (115 bytes))
1704205529: Received DISCONNECT from auto-37D99859-5712-8D17-6B90-B5FC9864C376
1704205529: Client auto-37D99859-5712-8D17-6B90-B5FC9864C376 disconnected.
1704205599: mosquitto version 2.0.18 terminating
1704205622: mosquitto version 2.0.18 starting
1704205622: Config loaded from /mosquitto/config/mosquitto.conf.
1704205622: Opening ipv4 listen socket on port 1883.
1704205622: Opening ipv6 listen socket on port 1883.
1704205622: Opening websockets listen socket on port 9001.
1704205622: mosquitto version 2.0.18 running
1704205628: New connection from 172.19.0.3:40831 on port 1883.
1704205628: New client connected from 172.19.0.3:40831 as auto-9419B59D-9512-F4F3-DB23-F63DB3014698 (p2, c1, k60).
1704205628: No will message specified.
1704205628: Sending CONNACK to auto-9419B59D-9512-F4F3-DB23-F63DB3014698 (0, 0)
1704205628: Received PUBLISH from auto-9419B59D-9512-F4F3-DB23-F63DB3014698 (d0, q0, r0, m0, 'proyectores', ... (115 bytes))
1704205628: Received DISCONNECT from auto-9419B59D-9512-F4F3-DB23-F63DB3014698
1704205628: Client auto-9419B59D-9512-F4F3-DB23-F63DB3014698 disconnected.
1704205827: New connection from 172.19.0.3:56383 on port 1883.
1704205827: New client connected from 172.19.0.3:56383 as auto-C8D199AD-9B08-A2E1-A9E3-9EE914F21E24 (p2, c1, k60).
1704205827: No will message specified.
1704205827: Sending CONNACK to auto-C8D199AD-9B08-A2E1-A9E3-9EE914F21E24 (0, 0)
1704205827: Received PUBLISH from auto-C8D199AD-9B08-A2E1-A9E3-9EE914F21E24 (d0, q0, r0, m0, 'proyectores', ... (301 bytes))
1704205827: Received DISCONNECT from auto-C8D199AD-9B08-A2E1-A9E3-9EE914F21E24
1704205827: Client auto-C8D199AD-9B08-A2E1-A9E3-9EE914F21E24 disconnected.
1704206647: New connection from 172.19.0.3:34977 on port 1883.
1704206647: New client connected from 172.19.0.3:34977 as auto-99F405AA-9EE0-78F5-D762-B395891FF22F (p2, c1, k60).
1704206647: No will message specified.
1704206647: Sending CONNACK to auto-99F405AA-9EE0-78F5-D762-B395891FF22F (0, 0)
1704206647: Received PUBLISH from auto-99F405AA-9EE0-78F5-D762-B395891FF22F (d0, q0, r0, m0, 'proyectores', ... (301 bytes))
1704206647: Received DISCONNECT from auto-99F405AA-9EE0-78F5-D762-B395891FF22F
1704206647: Client auto-99F405AA-9EE0-78F5-D762-B395891FF22F disconnected.
1704206706: New connection from 172.19.0.3:45731 on port 1883.
1704206706: New client connected from 172.19.0.3:45731 as auto-EBD6BED6-636C-4685-3366-AC6DFBB6937F (p2, c1, k60).
1704206706: No will message specified.
1704206706: Sending CONNACK to auto-EBD6BED6-636C-4685-3366-AC6DFBB6937F (0, 0)
1704206706: Received PUBLISH from auto-EBD6BED6-636C-4685-3366-AC6DFBB6937F (d0, q0, r0, m0, 'proyectores', ... (301 bytes))
1704206706: Received DISCONNECT from auto-EBD6BED6-636C-4685-3366-AC6DFBB6937F
1704206706: Client auto-EBD6BED6-636C-4685-3366-AC6DFBB6937F disconnected.
1704206837: New connection from 172.19.0.3:47841 on port 1883.
1704206837: New client connected from 172.19.0.3:47841 as auto-2CC54848-D522-7B2B-86CA-00EB596E974D (p2, c1, k60).
1704206837: No will message specified.
1704206837: Sending CONNACK to auto-2CC54848-D522-7B2B-86CA-00EB596E974D (0, 0)
1704206837: Received PUBLISH from auto-2CC54848-D522-7B2B-86CA-00EB596E974D (d0, q0, r0, m0, 'proyectores', ... (301 bytes))
1704206837: Received DISCONNECT from auto-2CC54848-D522-7B2B-86CA-00EB596E974D
1704206837: Client auto-2CC54848-D522-7B2B-86CA-00EB596E974D disconnected.
1704206894: New client connected from ::ffff:172.19.0.1:54826 as mqttjs_d33319c5 (p2, c1, k60).
1704206894: No will message specified.
1704206894: Sending CONNACK to mqttjs_d33319c5 (0, 0)
1704206894: Received SUBSCRIBE from mqttjs_d33319c5
1704206894: 	proyectores (QoS 0)
1704206894: mqttjs_d33319c5 0 proyectores
1704206894: Sending SUBACK to mqttjs_d33319c5
1704206902: New connection from 172.19.0.3:48393 on port 1883.
1704206902: New client connected from 172.19.0.3:48393 as auto-B9F45149-D938-373F-45D6-888FFF1B29AA (p2, c1, k60).
1704206902: No will message specified.
1704206902: Sending CONNACK to auto-B9F45149-D938-373F-45D6-888FFF1B29AA (0, 0)
1704206902: Received PUBLISH from auto-B9F45149-D938-373F-45D6-888FFF1B29AA (d0, q0, r0, m0, 'proyectores', ... (301 bytes))
1704206902: Sending PUBLISH to mqttjs_d33319c5 (d0, q0, r0, m0, 'proyectores', ... (301 bytes))
1704206902: Received DISCONNECT from auto-B9F45149-D938-373F-45D6-888FFF1B29AA
1704206902: Client auto-B9F45149-D938-373F-45D6-888FFF1B29AA disconnected.
1704206930: New connection from 172.19.0.3:38551 on port 1883.
1704206930: New client connected from 172.19.0.3:38551 as auto-0899C4D6-D365-273F-231D-F76025C8D067 (p2, c1, k60).
1704206930: No will message specified.
1704206930: Sending CONNACK to auto-0899C4D6-D365-273F-231D-F76025C8D067 (0, 0)
1704206930: Received PUBLISH from auto-0899C4D6-D365-273F-231D-F76025C8D067 (d0, q0, r0, m0, 'proyectores', ... (115 bytes))
1704206930: Sending PUBLISH to mqttjs_d33319c5 (d0, q0, r0, m0, 'proyectores', ... (115 bytes))
1704206930: Received DISCONNECT from auto-0899C4D6-D365-273F-231D-F76025C8D067
1704206930: Client auto-0899C4D6-D365-273F-231D-F76025C8D067 disconnected.
1704206954: Received PINGREQ from mqttjs_d33319c5
1704206954: Sending PINGRESP to mqttjs_d33319c5
1704207014: Received PINGREQ from mqttjs_d33319c5
1704207014: Sending PINGRESP to mqttjs_d33319c5
1704207074: Received PINGREQ from mqttjs_d33319c5
1704207074: Sending PINGRESP to mqttjs_d33319c5
1704207134: Received PINGREQ from mqttjs_d33319c5
1704207134: Sending PINGRESP to mqttjs_d33319c5
1704207194: Received PINGREQ from mqttjs_d33319c5
1704207194: Sending PINGRESP to mqttjs_d33319c5
1704207254: Received PINGREQ from mqttjs_d33319c5
1704207254: Sending PINGRESP to mqttjs_d33319c5
1704207314: Received PINGREQ from mqttjs_d33319c5
1704207314: Sending PINGRESP to mqttjs_d33319c5
1704207345: Client mqttjs_d33319c5 closed its connection.
1704208114: mosquitto version 2.0.18 terminating
1704214688: mosquitto version 2.0.18 starting
1704214688: Config loaded from /mosquitto/config/mosquitto.conf.
1704214688: Opening ipv4 listen socket on port 1883.
1704214688: Opening ipv6 listen socket on port 1883.
1704214688: Opening websockets listen socket on port 9001.
1704214688: mosquitto version 2.0.18 running
1704214792: New client connected from ::ffff:172.19.0.1:55448 as mqttjs_a9b6736d (p2, c1, k60).
1704214792: No will message specified.
1704214792: Sending CONNACK to mqttjs_a9b6736d (0, 0)
1704214792: Received SUBSCRIBE from mqttjs_a9b6736d
1704214792: 	proyectores (QoS 0)
1704214792: mqttjs_a9b6736d 0 proyectores
1704214792: Sending SUBACK to mqttjs_a9b6736d
1704214797: New connection from 172.19.0.3:50585 on port 1883.
1704214797: New client connected from 172.19.0.3:50585 as auto-7E0D84BA-7B25-13F6-7702-54A73B90C789 (p2, c1, k60).
1704214797: No will message specified.
1704214797: Sending CONNACK to auto-7E0D84BA-7B25-13F6-7702-54A73B90C789 (0, 0)
1704214797: Received PUBLISH from auto-7E0D84BA-7B25-13F6-7702-54A73B90C789 (d0, q0, r0, m0, 'proyectores', ... (115 bytes))
1704214797: Sending PUBLISH to mqttjs_a9b6736d (d0, q0, r0, m0, 'proyectores', ... (115 bytes))
1704214797: Received DISCONNECT from auto-7E0D84BA-7B25-13F6-7702-54A73B90C789
1704214797: Client auto-7E0D84BA-7B25-13F6-7702-54A73B90C789 disconnected.
1704214852: Received PINGREQ from mqttjs_a9b6736d
1704214852: Sending PINGRESP to mqttjs_a9b6736d
1704214912: Received PINGREQ from mqttjs_a9b6736d
1704214912: Sending PINGRESP to mqttjs_a9b6736d
1704214929: Client mqttjs_a9b6736d closed its connection.
1704214929: New client connected from ::ffff:172.19.0.1:59984 as mqttjs_c669d718 (p2, c1, k60).
1704214929: No will message specified.
1704214929: Sending CONNACK to mqttjs_c669d718 (0, 0)
1704214929: Received SUBSCRIBE from mqttjs_c669d718
1704214929: 	proyectores (QoS 0)
1704214929: mqttjs_c669d718 0 proyectores
1704214929: Sending SUBACK to mqttjs_c669d718
1704214989: Received PINGREQ from mqttjs_c669d718
1704214989: Sending PINGRESP to mqttjs_c669d718
1704215049: Received PINGREQ from mqttjs_c669d718
1704215049: Sending PINGRESP to mqttjs_c669d718
1704215109: Received PINGREQ from mqttjs_c669d718
1704215109: Sending PINGRESP to mqttjs_c669d718
1704215169: Received PINGREQ from mqttjs_c669d718
1704215169: Sending PINGRESP to mqttjs_c669d718
1704215218: New connection from 172.19.0.3:60569 on port 1883.
1704215218: New client connected from 172.19.0.3:60569 as auto-D9B3B413-A1BB-D114-0EAF-D86AEDD27362 (p2, c1, k60).
1704215218: No will message specified.
1704215218: Sending CONNACK to auto-D9B3B413-A1BB-D114-0EAF-D86AEDD27362 (0, 0)
1704215218: Received PUBLISH from auto-D9B3B413-A1BB-D114-0EAF-D86AEDD27362 (d0, q0, r0, m0, 'proyectores', ... (115 bytes))
1704215218: Sending PUBLISH to mqttjs_c669d718 (d0, q0, r0, m0, 'proyectores', ... (115 bytes))
1704215218: Received DISCONNECT from auto-D9B3B413-A1BB-D114-0EAF-D86AEDD27362
1704215218: Client auto-D9B3B413-A1BB-D114-0EAF-D86AEDD27362 disconnected.
1704215229: Received PINGREQ from mqttjs_c669d718
1704215229: Sending PINGRESP to mqttjs_c669d718
1704215289: Received PINGREQ from mqttjs_c669d718
1704215289: Sending PINGRESP to mqttjs_c669d718
1704215349: Received PINGREQ from mqttjs_c669d718
1704215349: Sending PINGRESP to mqttjs_c669d718
1704215409: Received PINGREQ from mqttjs_c669d718
1704215409: Sending PINGRESP to mqttjs_c669d718
1704215469: Received PINGREQ from mqttjs_c669d718
1704215469: Sending PINGRESP to mqttjs_c669d718
1704215529: Received PINGREQ from mqttjs_c669d718
1704215529: Sending PINGRESP to mqttjs_c669d718
1704215589: Received PINGREQ from mqttjs_c669d718
1704215589: Sending PINGRESP to mqttjs_c669d718
1704215649: Received PINGREQ from mqttjs_c669d718
1704215649: Sending PINGRESP to mqttjs_c669d718
1704215709: Received PINGREQ from mqttjs_c669d718
1704215709: Sending PINGRESP to mqttjs_c669d718
1704215769: Received PINGREQ from mqttjs_c669d718
1704215769: Sending PINGRESP to mqttjs_c669d718
1704215830: Received PINGREQ from mqttjs_c669d718
1704215830: Sending PINGRESP to mqttjs_c669d718
1704215890: Received PINGREQ from mqttjs_c669d718
1704215890: Sending PINGRESP to mqttjs_c669d718
1704215950: Received PINGREQ from mqttjs_c669d718
1704215950: Sending PINGRESP to mqttjs_c669d718
1704216010: Received PINGREQ from mqttjs_c669d718
1704216010: Sending PINGRESP to mqttjs_c669d718
1704216070: Received PINGREQ from mqttjs_c669d718
1704216070: Sending PINGRESP to mqttjs_c669d718
1704216130: Received PINGREQ from mqttjs_c669d718
1704216130: Sending PINGRESP to mqttjs_c669d718
1704216190: Received PINGREQ from mqttjs_c669d718
1704216190: Sending PINGRESP to mqttjs_c669d718
1704216250: Received PINGREQ from mqttjs_c669d718
1704216250: Sending PINGRESP to mqttjs_c669d718
1704216310: Received PINGREQ from mqttjs_c669d718
1704216310: Sending PINGRESP to mqttjs_c669d718
1704216370: Received PINGREQ from mqttjs_c669d718
1704216370: Sending PINGRESP to mqttjs_c669d718
1704216430: Received PINGREQ from mqttjs_c669d718
1704216430: Sending PINGRESP to mqttjs_c669d718
1704216490: Received PINGREQ from mqttjs_c669d718
1704216490: Sending PINGRESP to mqttjs_c669d718
1704216550: Received PINGREQ from mqttjs_c669d718
1704216550: Sending PINGRESP to mqttjs_c669d718
1704216610: Received PINGREQ from mqttjs_c669d718
1704216610: Sending PINGRESP to mqttjs_c669d718
1704216670: Received PINGREQ from mqttjs_c669d718
1704216670: Sending PINGRESP to mqttjs_c669d718
1704216730: Received PINGREQ from mqttjs_c669d718
1704216730: Sending PINGRESP to mqttjs_c669d718
1704216790: Received PINGREQ from mqttjs_c669d718
1704216790: Sending PINGRESP to mqttjs_c669d718
1704216850: Received PINGREQ from mqttjs_c669d718
1704216850: Sending PINGRESP to mqttjs_c669d718
1704216910: Received PINGREQ from mqttjs_c669d718
1704216910: Sending PINGRESP to mqttjs_c669d718
1704216963: Client mqttjs_c669d718 closed its connection.
1704216963: New client connected from ::ffff:172.19.0.1:48400 as mqttjs_f174a832 (p2, c1, k60).
1704216963: No will message specified.
1704216963: Sending CONNACK to mqttjs_f174a832 (0, 0)
1704216963: Received SUBSCRIBE from mqttjs_f174a832
1704216963: 	proyectores (QoS 0)
1704216963: mqttjs_f174a832 0 proyectores
1704216963: Sending SUBACK to mqttjs_f174a832
1704217023: Received PINGREQ from mqttjs_f174a832
1704217023: Sending PINGRESP to mqttjs_f174a832
1704217083: Received PINGREQ from mqttjs_f174a832
1704217083: Sending PINGRESP to mqttjs_f174a832
1704217143: Received PINGREQ from mqttjs_f174a832
1704217143: Sending PINGRESP to mqttjs_f174a832
1704217203: Received PINGREQ from mqttjs_f174a832
1704217203: Sending PINGRESP to mqttjs_f174a832
1704217263: Received PINGREQ from mqttjs_f174a832
1704217263: Sending PINGRESP to mqttjs_f174a832
1704217323: Received PINGREQ from mqttjs_f174a832
1704217323: Sending PINGRESP to mqttjs_f174a832
1704217383: Received PINGREQ from mqttjs_f174a832
1704217383: Sending PINGRESP to mqttjs_f174a832
1704217443: Received PINGREQ from mqttjs_f174a832
1704217443: Sending PINGRESP to mqttjs_f174a832
1704217503: Received PINGREQ from mqttjs_f174a832
1704217503: Sending PINGRESP to mqttjs_f174a832
1704217563: Received PINGREQ from mqttjs_f174a832
1704217563: Sending PINGRESP to mqttjs_f174a832
1704217623: Received PINGREQ from mqttjs_f174a832
1704217623: Sending PINGRESP to mqttjs_f174a832
1704217683: Received PINGREQ from mqttjs_f174a832
1704217683: Sending PINGRESP to mqttjs_f174a832
1704217743: Received PINGREQ from mqttjs_f174a832
1704217743: Sending PINGRESP to mqttjs_f174a832
1704217803: Received PINGREQ from mqttjs_f174a832
1704217803: Sending PINGRESP to mqttjs_f174a832
1704217863: Received PINGREQ from mqttjs_f174a832
1704217863: Sending PINGRESP to mqttjs_f174a832
1704217923: Received PINGREQ from mqttjs_f174a832
1704217923: Sending PINGRESP to mqttjs_f174a832
1704217983: Received PINGREQ from mqttjs_f174a832
1704217983: Sending PINGRESP to mqttjs_f174a832
1704218043: Received PINGREQ from mqttjs_f174a832
1704218043: Sending PINGRESP to mqttjs_f174a832
1704218103: Received PINGREQ from mqttjs_f174a832
1704218103: Sending PINGRESP to mqttjs_f174a832
1704218163: Received PINGREQ from mqttjs_f174a832
1704218163: Sending PINGRESP to mqttjs_f174a832
1704218223: Received PINGREQ from mqttjs_f174a832
1704218223: Sending PINGRESP to mqttjs_f174a832
1704218283: Received PINGREQ from mqttjs_f174a832
1704218283: Sending PINGRESP to mqttjs_f174a832
1704218344: Received PINGREQ from mqttjs_f174a832
1704218344: Sending PINGRESP to mqttjs_f174a832
1704218404: Received PINGREQ from mqttjs_f174a832
1704218404: Sending PINGRESP to mqttjs_f174a832
1704218464: Received PINGREQ from mqttjs_f174a832
1704218464: Sending PINGRESP to mqttjs_f174a832
1704218524: Received PINGREQ from mqttjs_f174a832
1704218524: Sending PINGRESP to mqttjs_f174a832
1704218584: Received PINGREQ from mqttjs_f174a832
1704218584: Sending PINGRESP to mqttjs_f174a832
1704218644: Received PINGREQ from mqttjs_f174a832
1704218644: Sending PINGRESP to mqttjs_f174a832
1704218704: Received PINGREQ from mqttjs_f174a832
1704218704: Sending PINGRESP to mqttjs_f174a832
1704218764: Received PINGREQ from mqttjs_f174a832
1704218764: Sending PINGRESP to mqttjs_f174a832
1704218824: Received PINGREQ from mqttjs_f174a832
1704218824: Sending PINGRESP to mqttjs_f174a832
1704218884: Received PINGREQ from mqttjs_f174a832
1704218884: Sending PINGRESP to mqttjs_f174a832
1704218944: Received PINGREQ from mqttjs_f174a832
1704218944: Sending PINGRESP to mqttjs_f174a832
1704219004: Received PINGREQ from mqttjs_f174a832
1704219004: Sending PINGRESP to mqttjs_f174a832
1704219064: Received PINGREQ from mqttjs_f174a832
1704219064: Sending PINGRESP to mqttjs_f174a832
1704219124: Received PINGREQ from mqttjs_f174a832
1704219124: Sending PINGRESP to mqttjs_f174a832
1704219184: Received PINGREQ from mqttjs_f174a832
1704219184: Sending PINGRESP to mqttjs_f174a832
1704219244: Received PINGREQ from mqttjs_f174a832
1704219244: Sending PINGRESP to mqttjs_f174a832
1704219304: Received PINGREQ from mqttjs_f174a832
1704219304: Sending PINGRESP to mqttjs_f174a832
1704219319: Client mqttjs_f174a832 closed its connection.
1704219448: mosquitto version 2.0.18 terminating
1704381963: mosquitto version 2.0.18 starting
1704381963: Config loaded from /mosquitto/config/mosquitto.conf.
1704381963: Opening ipv4 listen socket on port 1883.
1704381963: Opening ipv6 listen socket on port 1883.
1704381963: Opening websockets listen socket on port 9001.
1704381963: mosquitto version 2.0.18 running
1704390021: mosquitto version 2.0.18 terminating
1704390913: mosquitto version 2.0.18 starting
1704390913: Config loaded from /mosquitto/config/mosquitto.conf.
1704390913: Opening ipv4 listen socket on port 1883.
1704390913: Opening ipv6 listen socket on port 1883.
1704390913: Opening websockets listen socket on port 9001.
1704390913: mosquitto version 2.0.18 running
